<?xml version="1.0" encoding="UTF-8"?>
<coverage generated="1563938603425" clover="3.2.0">
  <project timestamp="1563938603425" name="All files">
    <metrics statements="16" coveredstatements="9" conditionals="6" coveredconditionals="3" methods="6" coveredmethods="4" elements="28" coveredelements="16" complexity="0" loc="16" ncloc="16" packages="1" files="1" classes="1"/>
    <file name="Html.js" path="/Users/isaac/Documents/Code/whisky-api/frontend/src/Html.js">
      <metrics statements="16" coveredstatements="9" conditionals="6" coveredconditionals="3" methods="6" coveredmethods="4"/>
      <line num="2" count="2" type="stmt"/>
      <line num="6" count="2" type="cond" truecount="1" falsecount="1"/>
      <line num="7" count="0" type="stmt"/>
      <line num="9" count="2" type="stmt"/>
      <line num="10" count="2" type="cond" truecount="1" falsecount="1"/>
      <line num="11" count="0" type="stmt"/>
      <line num="12" count="0" type="stmt"/>
      <line num="14" count="2" type="stmt"/>
      <line num="15" count="2" type="stmt"/>
      <line num="19" count="1" type="cond" truecount="1" falsecount="1"/>
      <line num="20" count="1" type="stmt"/>
      <line num="22" count="0" type="stmt"/>
      <line num="23" count="0" type="stmt"/>
      <line num="27" count="0" type="stmt"/>
      <line num="31" count="0" type="stmt"/>
      <line num="34" count="1" type="stmt"/>
    </file>
  </project>
</coverage>
