{"/Users/isaac/Documents/Code/whisky-api/frontend/src/Html.js": {"path":"/Users/isaac/Documents/Code/whisky-api/frontend/src/Html.js","statementMap":{"0":{"start":{"line":2,"column":2},"end":{"line":2,"column":20}},"1":{"start":{"line":6,"column":6},"end":{"line":6,"column":64}},"2":{"start":{"line":8,"column":6},"end":{"line":8,"column":18}},"3":{"start":{"line":11,"column":6},"end":{"line":11,"column":55}},"4":{"start":{"line":12,"column":6},"end":{"line":12,"column":18}},"5":{"start":{"line":15,"column":6},"end":{"line":15,"column":53}},"6":{"start":{"line":16,"column":6},"end":{"line":16,"column":18}},"7":{"start":{"line":19,"column":6},"end":{"line":21,"column":7}},"8":{"start":{"line":20,"column":8},"end":{"line":20,"column":44}},"9":{"start":{"line":22,"column":6},"end":{"line":22,"column":49}},"10":{"start":{"line":23,"column":6},"end":{"line":23,"column":18}},"11":{"start":{"line":27,"column":6},"end":{"line":29,"column":7}},"12":{"start":{"line":28,"column":8},"end":{"line":28,"column":53}},"13":{"start":{"line":30,"column":6},"end":{"line":30,"column":45}},"14":{"start":{"line":31,"column":6},"end":{"line":31,"column":18}},"15":{"start":{"line":35,"column":6},"end":{"line":37,"column":7}},"16":{"start":{"line":36,"column":8},"end":{"line":36,"column":39}},"17":{"start":{"line":38,"column":6},"end":{"line":38,"column":44}},"18":{"start":{"line":39,"column":6},"end":{"line":39,"column":18}},"19":{"start":{"line":43,"column":6},"end":{"line":43,"column":35}},"20":{"start":{"line":47,"column":6},"end":{"line":47,"column":35}},"21":{"start":{"line":50,"column":6},"end":{"line":50,"column":26}},"22":{"start":{"line":53,"column":6},"end":{"line":53,"column":33}},"23":{"start":{"line":54,"column":6},"end":{"line":54,"column":28}},"24":{"start":{"line":56,"column":6},"end":{"line":56,"column":17}},"25":{"start":{"line":59,"column":24},"end":{"line":59,"column":56}},"26":{"start":{"line":61,"column":6},"end":{"line":65,"column":7}},"27":{"start":{"line":62,"column":8},"end":{"line":62,"column":36}},"28":{"start":{"line":64,"column":8},"end":{"line":64,"column":33}},"29":{"start":{"line":67,"column":6},"end":{"line":67,"column":18}},"30":{"start":{"line":70,"column":6},"end":{"line":72,"column":7}},"31":{"start":{"line":71,"column":8},"end":{"line":71,"column":40}},"32":{"start":{"line":73,"column":6},"end":{"line":73,"column":43}},"33":{"start":{"line":74,"column":6},"end":{"line":74,"column":18}}},"fnMap":{"0":{"name":"(anonymous_0)","decl":{"start":{"line":1,"column":15},"end":{"line":1,"column":16}},"loc":{"start":{"line":1,"column":27},"end":{"line":3,"column":1}},"line":1},"1":{"name":"(anonymous_1)","decl":{"start":{"line":5,"column":4},"end":{"line":5,"column":5}},"loc":{"start":{"line":5,"column":49},"end":{"line":9,"column":5}},"line":5},"2":{"name":"(anonymous_2)","decl":{"start":{"line":10,"column":4},"end":{"line":10,"column":5}},"loc":{"start":{"line":10,"column":20},"end":{"line":13,"column":5}},"line":10},"3":{"name":"(anonymous_3)","decl":{"start":{"line":14,"column":4},"end":{"line":14,"column":5}},"loc":{"start":{"line":14,"column":20},"end":{"line":17,"column":5}},"line":14},"4":{"name":"(anonymous_4)","decl":{"start":{"line":18,"column":4},"end":{"line":18,"column":5}},"loc":{"start":{"line":18,"column":27},"end":{"line":24,"column":5}},"line":18},"5":{"name":"(anonymous_5)","decl":{"start":{"line":26,"column":4},"end":{"line":26,"column":5}},"loc":{"start":{"line":26,"column":25},"end":{"line":32,"column":5}},"line":26},"6":{"name":"(anonymous_6)","decl":{"start":{"line":34,"column":4},"end":{"line":34,"column":5}},"loc":{"start":{"line":34,"column":25},"end":{"line":40,"column":5}},"line":34},"7":{"name":"(anonymous_7)","decl":{"start":{"line":42,"column":4},"end":{"line":42,"column":5}},"loc":{"start":{"line":42,"column":24},"end":{"line":44,"column":5}},"line":42},"8":{"name":"(anonymous_8)","decl":{"start":{"line":46,"column":4},"end":{"line":46,"column":5}},"loc":{"start":{"line":46,"column":21},"end":{"line":48,"column":5}},"line":46},"9":{"name":"(anonymous_9)","decl":{"start":{"line":49,"column":4},"end":{"line":49,"column":5}},"loc":{"start":{"line":49,"column":13},"end":{"line":51,"column":5}},"line":49},"10":{"name":"(anonymous_10)","decl":{"start":{"line":52,"column":4},"end":{"line":52,"column":5}},"loc":{"start":{"line":52,"column":21},"end":{"line":57,"column":5}},"line":52},"11":{"name":"(anonymous_11)","decl":{"start":{"line":58,"column":4},"end":{"line":58,"column":5}},"loc":{"start":{"line":58,"column":18},"end":{"line":68,"column":5}},"line":58},"12":{"name":"(anonymous_12)","decl":{"start":{"line":69,"column":4},"end":{"line":69,"column":5}},"loc":{"start":{"line":69,"column":20},"end":{"line":75,"column":5}},"line":69}},"branchMap":{"0":{"loc":{"start":{"line":19,"column":6},"end":{"line":21,"column":7}},"type":"if","locations":[{"start":{"line":19,"column":6},"end":{"line":21,"column":7}},{"start":{"line":19,"column":6},"end":{"line":21,"column":7}}],"line":19},"1":{"loc":{"start":{"line":27,"column":6},"end":{"line":29,"column":7}},"type":"if","locations":[{"start":{"line":27,"column":6},"end":{"line":29,"column":7}},{"start":{"line":27,"column":6},"end":{"line":29,"column":7}}],"line":27},"2":{"loc":{"start":{"line":35,"column":6},"end":{"line":37,"column":7}},"type":"if","locations":[{"start":{"line":35,"column":6},"end":{"line":37,"column":7}},{"start":{"line":35,"column":6},"end":{"line":37,"column":7}}],"line":35},"3":{"loc":{"start":{"line":61,"column":6},"end":{"line":65,"column":7}},"type":"if","locations":[{"start":{"line":61,"column":6},"end":{"line":65,"column":7}},{"start":{"line":61,"column":6},"end":{"line":65,"column":7}}],"line":61},"4":{"loc":{"start":{"line":70,"column":6},"end":{"line":72,"column":7}},"type":"if","locations":[{"start":{"line":70,"column":6},"end":{"line":72,"column":7}},{"start":{"line":70,"column":6},"end":{"line":72,"column":7}}],"line":70}},"s":{"0":10,"1":1,"2":1,"3":0,"4":0,"5":9,"6":9,"7":2,"8":1,"9":1,"10":1,"11":2,"12":1,"13":1,"14":1,"15":0,"16":0,"17":0,"18":0,"19":0,"20":0,"21":9,"22":0,"23":0,"24":0,"25":0,"26":0,"27":0,"28":0,"29":0,"30":3,"31":2,"32":1,"33":1},"f":{"0":10,"1":1,"2":0,"3":9,"4":2,"5":2,"6":0,"7":0,"8":0,"9":9,"10":0,"11":0,"12":3},"b":{"0":[1,1],"1":[1,1],"2":[0,0],"3":[0,0],"4":[2,1]},"_coverageSchema":"43e27e138ebf9cfc5966b082cf9a028302ed4184","hash":"07a5690e86608c4dc735820481ffe1f13f462458"}
}
