TN:
SF:/Users/isaac/Documents/Code/whisky-api/frontend/src/Html.js
FN:1,(anonymous_0)
FN:5,(anonymous_1)
FN:18,(anonymous_2)
FN:26,(anonymous_3)
FN:30,(anonymous_4)
FN:33,(anonymous_5)
FNF:6
FNH:4
FNDA:2,(anonymous_0)
FNDA:2,(anonymous_1)
FNDA:1,(anonymous_2)
FNDA:0,(anonymous_3)
FNDA:0,(anonymous_4)
FNDA:1,(anonymous_5)
DA:2,2
DA:6,2
DA:7,0
DA:9,2
DA:10,2
DA:11,0
DA:12,0
DA:14,2
DA:15,2
DA:19,1
DA:20,1
DA:22,0
DA:23,0
DA:27,0
DA:31,0
DA:34,1
LF:16
LH:9
BRDA:6,0,0,0
BRDA:6,0,1,2
BRDA:10,1,0,0
BRDA:10,1,1,2
BRDA:19,2,0,1
BRDA:19,2,1,0
BRF:6
BRH:3
end_of_record
