TN:
SF:/Users/isaac/Documents/Code/whisky-api/frontend/src/Html.js
FN:1,(anonymous_0)
FN:5,(anonymous_1)
FN:10,(anonymous_2)
FN:14,(anonymous_3)
FN:18,(anonymous_4)
FN:26,(anonymous_5)
FN:34,(anonymous_6)
FN:42,(anonymous_7)
FN:46,(anonymous_8)
FN:49,(anonymous_9)
FN:52,(anonymous_10)
FN:58,(anonymous_11)
FN:69,(anonymous_12)
FNF:13
FNH:7
FNDA:10,(anonymous_0)
FNDA:1,(anonymous_1)
FNDA:0,(anonymous_2)
FNDA:9,(anonymous_3)
FNDA:2,(anonymous_4)
FNDA:2,(anonymous_5)
FNDA:0,(anonymous_6)
FNDA:0,(anonymous_7)
FNDA:0,(anonymous_8)
FNDA:9,(anonymous_9)
FNDA:0,(anonymous_10)
FNDA:0,(anonymous_11)
FNDA:3,(anonymous_12)
DA:2,10
DA:6,1
DA:8,1
DA:11,0
DA:12,0
DA:15,9
DA:16,9
DA:19,2
DA:20,1
DA:22,1
DA:23,1
DA:27,2
DA:28,1
DA:30,1
DA:31,1
DA:35,0
DA:36,0
DA:38,0
DA:39,0
DA:43,0
DA:47,0
DA:50,9
DA:53,0
DA:54,0
DA:56,0
DA:59,0
DA:61,0
DA:62,0
DA:64,0
DA:67,0
DA:70,3
DA:71,2
DA:73,1
DA:74,1
LF:34
LH:18
BRDA:19,0,0,1
BRDA:19,0,1,1
BRDA:27,1,0,1
BRDA:27,1,1,1
BRDA:35,2,0,0
BRDA:35,2,1,0
BRDA:61,3,0,0
BRDA:61,3,1,0
BRDA:70,4,0,2
BRDA:70,4,1,1
BRF:10
BRH:6
end_of_record
